This file contains any messages produced by compilers while
running configure, to aid debugging if configure makes a mistake.

configure:605: cc -o conftest -O2   conftest.c  1>&5
configure:704: gcc -E conftest.c
configure:907: gcc -o conftest -O2   conftest.c -lfl   1>&5
configure:952: gcc -o conftest -O2   conftest.c  1>&5
configure:972: gcc -c -O2  conftest.c 1>&5
configure:1055: gcc -c -O2  conftest.c 1>&5
configure:1098: gcc -o conftest -O2   conftest.c -ldir  -lfl  1>&5
/usr/bin/ld: cannot find -ldir
collect2: ld returned 1 exit status
configure:1178: gcc -E  conftest.c >/dev/null 2>conftest.out
configure:1226: gcc -E  conftest.c >/dev/null 2>conftest.out
configure:1291: gcc -o conftest -O2   conftest.c -lfl  1>&5
configure:1332: gcc -c -O2  conftest.c 1>&5
configure:1364: gcc -E  conftest.c >/dev/null 2>conftest.out
configure:1364: gcc -E  conftest.c >/dev/null 2>conftest.out
configure:1364: gcc -E  conftest.c >/dev/null 2>conftest.out
configure:1364: gcc -E  conftest.c >/dev/null 2>conftest.out
configure:1364: gcc -E  conftest.c >/dev/null 2>conftest.out
configure:1364: gcc -E  conftest.c >/dev/null 2>conftest.out
configure:1401: gcc -E  conftest.c >/dev/null 2>conftest.out
configure:1481: gcc -c -O2  conftest.c 1>&5
configure:1523: gcc -c -O2  conftest.c 1>&5
configure:1711: gcc -c -O2  conftest.c 1>&5
configure:1761: gcc -o conftest -O2   conftest.c -lfl  1>&5
configure:1858: gcc -o conftest -O2   conftest.c -lelf  -lfl  1>&5
/usr/bin/ld: cannot find -lelf
collect2: ld returned 1 exit status
configure:1896: gcc -o conftest -O2   conftest.c -lkvm  -lfl  1>&5
/usr/bin/ld: cannot find -lkvm
collect2: ld returned 1 exit status
configure:1935: gcc -o conftest -O2   conftest.c -lutil  -lfl  1>&5
configure:2031: gcc -o conftest -O2   conftest.c -lutil -lfl  1>&5
configure:2417: gcc -o conftest -O2   conftest.c -lutil -lfl  1>&5
configure:2417: gcc -o conftest -O2   conftest.c -lutil -lfl  1>&5
configure:2417: gcc -o conftest -O2   conftest.c -lutil -lfl  1>&5
configure:2417: gcc -o conftest -O2   conftest.c -lutil -lfl  1>&5
configure:2417: gcc -o conftest -O2   conftest.c -lutil -lfl  1>&5
configure:2417: gcc -o conftest -O2   conftest.c -lutil -lfl  1>&5
configure:2470: gcc -o conftest -O2   conftest.c -lutil -lfl  1>&5
