#
# Automatically generated by 'make config' -- don't edit!
#
LINUX="$ROOTDIR/$LINUXDIR"
PREFIX="$ROMFSDIR"
# KCC="cc"
# UCC="cc"
# LD=""
# KFLAGS=""
# UFLAGS=""
# PCDEBUG=""
# USE_PM=y
# UNSAFE_TOOLS is not defined
# CONFIG_CARDBUS is not defined
# CONFIG_PNP_BIOS is not defined
# CONF_SRC=2
# MODDIR="/lib/modules/2.4.6.0pre0"

# Options from ../../linux-2.4.x/.config
CHECK="$ROOTDIR/$LINUXDIR/.config"
CKSUM="1910503391 8487"
CONFIG_PCMCIA=y
# CONFIG_SMP is not defined
# CONFIG_PCI is not defined
# CONFIG_PM is not defined
# CONFIG_SCSI is not defined
# CONFIG_IEEE1394 is not defined
CONFIG_INET=y
# CONFIG_NET_PCMCIA_RADIO=y
# CONFIG_TR is not defined
# CONFIG_NET_FASTROUTE is not defined
# CONFIG_NET_DIVERT is not defined
# CONFIG_MODVERSIONS is not defined
# CONFIG_KERNEL_DEBUGGING is not defined
# CONFIG_PROC_FS=y
# ARCH="sh"
# HOST_ARCH="i386"
# AFLAGS=""
# CONFIG_ISA=y
# CONFIG_UID16=y
# UTS_RELEASE="2.4.6.0pre0"
# UTS_VERSION="#169 Tue Jul 24 12:23:21 EST 2001"
# LINUX_VERSION_CODE=132102
# HAS_PROC_BUS=y
# SYSV_INIT is not defined
# HAS_FORMS is not defined
# MANDIR="/usr/man"
# XMANDIR="/usr/X11R6/man"
