This file contains any messages produced by compilers while
running configure, to aid debugging if configure makes a mistake.

configure:534: checking for gcc
configure:647: checking whether the C compiler (gcc  ) works
configure:663: gcc -o conftest    conftest.c  1>&5
configure:689: checking whether the C compiler (gcc  ) is a cross-compiler
configure:694: checking whether we are using GNU C
configure:703: gcc -E conftest.c
configure:722: checking whether gcc accepts -g
configure:754: checking for POSIXized ISC
configure:779: checking for pow in -lm
configure:798: gcc -o conftest -g -O2 -I/usr/local/include   -L/usr/local/lib -L/usr/local/X11/lib conftest.c -lm   1>&5
configure:826: checking for gzopen in -lz
configure:845: gcc -o conftest -g -O2 -I/usr/local/include   -L/usr/local/lib -L/usr/local/X11/lib conftest.c -lz  -lm  1>&5
configure:873: checking for png_create_write_struct in -lpng
configure:892: gcc -o conftest -g -O2 -I/usr/local/include   -L/usr/local/lib -L/usr/local/X11/lib conftest.c -lpng  -lz -lm  1>&5
/usr/bin/ld: cannot find -lpng
collect2: ld returned 1 exit status
configure: failed program was:
#line 881 "configure"
#include "confdefs.h"
/* Override any gcc2 internal prototype to avoid an error.  */
/* We use char because int might match the return type of a gcc2
    builtin and then its argument prototype would still apply.  */
char png_create_write_struct();

int main() {
png_create_write_struct()
; return 0; }
configure:920: checking for jpeg_set_defaults in -ljpeg
configure:939: gcc -o conftest -g -O2 -I/usr/local/include   -L/usr/local/lib -L/usr/local/X11/lib conftest.c -ljpeg  -lz -lm  1>&5
/usr/bin/ld: cannot find -ljpeg
collect2: ld returned 1 exit status
configure: failed program was:
#line 928 "configure"
#include "confdefs.h"
/* Override any gcc2 internal prototype to avoid an error.  */
/* We use char because int might match the return type of a gcc2
    builtin and then its argument prototype would still apply.  */
char jpeg_set_defaults();

int main() {
jpeg_set_defaults()
; return 0; }
configure:968: checking --with-syslog=?
configure:986: checking --with-device=?
configure:1002: checking --with-ttf-inc=?
configure:1015: checking for TT_Init_FreeType in -lttf
configure:1034: gcc -o conftest -g -O2 -I/usr/local/include -I/usr/local/X11/include   -L/usr/local/lib -L/usr/local/X11/lib conftest.c -lttf  -lz -lm  1>&5
/usr/bin/ld: cannot find -lttf
collect2: ld returned 1 exit status
configure: failed program was:
#line 1023 "configure"
#include "confdefs.h"
/* Override any gcc2 internal prototype to avoid an error.  */
/* We use char because int might match the return type of a gcc2
    builtin and then its argument prototype would still apply.  */
char TT_Init_FreeType();

int main() {
TT_Init_FreeType()
; return 0; }
