This file contains any messages produced by compilers while
running configure, to aid debugging if configure makes a mistake.

configure:600: checking host system type
configure:621: checking target system type
configure:639: checking build system type
configure:674: checking for a BSD compatible install
configure:727: checking whether build environment is sane
configure:784: checking whether make sets ${MAKE}
configure:830: checking for working aclocal
configure:843: checking for working autoconf
configure:856: checking for working automake
configure:869: checking for working autoheader
configure:882: checking for working makeinfo
configure:906: checking for gcc
configure:1019: checking whether the C compiler (gcc  ) works
configure:1035: gcc -o conftest    conftest.c  1>&5
configure:1061: checking whether the C compiler (gcc  ) is a cross-compiler
configure:1066: checking whether we are using GNU C
configure:1075: gcc -E conftest.c
configure:1094: checking whether gcc accepts -g
configure:1126: checking how to run the C preprocessor
configure:1147: gcc -E  conftest.c >/dev/null 2>conftest.out
configure:1211: checking for flex
configure:1244: checking for flex
configure:1278: checking for yywrap in -lfl
configure:1297: gcc -o conftest -g -O2   conftest.c -lfl   1>&5
configure:1320: checking lex output file root
configure:1341: checking whether yytext is a pointer
configure:1360: gcc -o conftest -g -O2   conftest.c  -lfl 1>&5
configure:1386: checking for bison
configure:1428: checking for a BSD compatible install
configure:1553: checking for ranlib
configure:1592: checking for ld used by GCC
configure:1654: checking if the linker (/usr/bin/ld) is GNU ld
GNU ld version 2.11.90.0.8 (with BFD 2.11.90.0.8)
configure:1670: checking for BSD-compatible nm
configure:1706: checking whether ln -s works
ltconfig:603: checking for object suffix
ltconfig:604: gcc -c -g -O2  conftest.c 1>&5
ltconfig:629: checking for executable suffix
ltconfig:630: gcc -o conftest -g -O2   conftest.c  1>&5
ltconfig:776: checking if gcc PIC flag -fPIC works
ltconfig:777: gcc -c -g -O2 -fPIC -DPIC  conftest.c 1>&5
ltconfig:829: checking if gcc supports -c -o file.o
ltconfig:830: gcc -c -g -O2 -o out/conftest2.o  conftest.c 1>&5
ltconfig:862: checking if gcc supports -c -o file.lo
ltconfig:863: gcc -c -g -O2 -c -o conftest.lo  conftest.c 1>&5
ltconfig:914: checking if gcc supports -fno-rtti -fno-exceptions
ltconfig:915: gcc -c -g -O2 -fno-rtti -fno-exceptions -c conftest.c  conftest.c 1>&5
ltconfig:958: checking if gcc static flag -static works
ltconfig:959: gcc -o conftest -g -O2   -static conftest.c  1>&5
GNU ld version 2.11.90.0.8 (with BFD 2.11.90.0.8)
ltconfig:1653: checking if global_symbol_pipe works
ltconfig:1654: gcc -c -g -O2  conftest.c 1>&5
ltconfig:1657: eval "/usr/bin/nm -B conftest.o | sed -n -e 's/^.*[ 	]\([ABCDGISTW]\)[ 	][ 	]*\(\)\([_A-Za-z][_A-Za-z0-9]*\)$/\1 \2\3 \3/p' > conftest.nm"
ltconfig:1709: gcc -o conftest -g -O2 -fno-builtin -fno-rtti -fno-exceptions   conftest.c conftstm.o 1>&5
configure:1900: checking for perl
configure:1937: checking for asm/errno.h
configure:1947: gcc -E  conftest.c >/dev/null 2>conftest.out
configure:1973: checking for linux/atmsap.h
configure:1983: gcc -E  conftest.c >/dev/null 2>conftest.out
configure:2008: checking for main in -lresolv
configure:2023: gcc -o conftest -g -O2   conftest.c -lresolv   1>&5
