This file contains any messages produced by compilers while
running configure, to aid debugging if configure makes a mistake.

configure:526: checking for flex
configure:559: checking for yywrap in -lfl
configure:578: cc -o conftest    conftest.c -lfl   1>&5
configure:605: checking for bison
configure:637: checking for gcc
configure:714: checking whether the C compiler (gcc  ) works
configure:728: gcc -o conftest    conftest.c  1>&5
configure:748: checking whether the C compiler (gcc  ) is a cross-compiler
configure:753: checking whether we are using GNU C
configure:762: gcc -E conftest.c
configure:777: checking whether gcc accepts -g
configure:805: checking how to run the C preprocessor
configure:826: gcc -E  conftest.c >/dev/null 2>conftest.out
configure:870: checking for gunzip
configure:904: checking for gethostbyname in -lnsl
configure:923: gcc -o conftest -g -O2   conftest.c -lnsl   1>&5
configure:951: checking for bind in -lsocket
configure:970: gcc -o conftest -g -O2   conftest.c -lsocket  -lnsl  1>&5
ld: cannot open -lsocket: No such file or directory
configure: failed program was:
#line 959 "configure"
#include "confdefs.h"
/* Override any gcc2 internal prototype to avoid an error.  */
/* We use char because int might match the return type of a gcc2
    builtin and then its argument prototype would still apply.  */
char bind();

int main() {
bind()
; return 0; }
configure:1003: checking for dirent.h that defines DIR
configure:1016: gcc -c -g -O2  conftest.c 1>&5
configure:1041: checking for opendir in -ldir
configure:1060: gcc -o conftest -g -O2   conftest.c -ldir  -lnsl  1>&5
ld: cannot open -ldir: No such file or directory
configure: failed program was:
#line 1049 "configure"
#include "confdefs.h"
/* Override any gcc2 internal prototype to avoid an error.  */
/* We use char because int might match the return type of a gcc2
    builtin and then its argument prototype would still apply.  */
char opendir();

int main() {
opendir()
; return 0; }
configure:1124: checking for ANSI C header files
configure:1137: gcc -E  conftest.c >/dev/null 2>conftest.out
configure:1204: gcc -o conftest -g -O2   conftest.c -lnsl  1>&5
configure:1228: checking for sys/wait.h that is POSIX.1 compatible
configure:1249: gcc -c -g -O2  conftest.c 1>&5
configure:1273: checking for fcntl.h
configure:1283: gcc -E  conftest.c >/dev/null 2>conftest.out
configure:1273: checking for limits.h
configure:1283: gcc -E  conftest.c >/dev/null 2>conftest.out
configure:1273: checking for sys/time.h
configure:1283: gcc -E  conftest.c >/dev/null 2>conftest.out
configure:1273: checking for unistd.h
configure:1283: gcc -E  conftest.c >/dev/null 2>conftest.out
configure:1311: checking for working const
configure:1365: gcc -c -g -O2  conftest.c 1>&5
configure:1386: checking for uid_t in sys/types.h
configure:1420: checking for pid_t
configure:1453: checking for size_t
configure:1486: checking whether time.h and sys/time.h may both be included
configure:1500: gcc -c -g -O2  conftest.c 1>&5
configure:1521: checking whether struct tm is in sys/time.h or time.h
configure:1534: gcc -c -g -O2  conftest.c 1>&5
configure:1556: checking for 8-bit clean memcmp
configure:1574: gcc -o conftest -g -O2   conftest.c -lnsl  1>&5
configure:1595: checking for unistd.h
configure:1634: checking for getpagesize
configure:1662: gcc -o conftest -g -O2   conftest.c -lnsl  1>&5
configure:1687: checking for working mmap
configure:1835: gcc -o conftest -g -O2   conftest.c -lnsl  1>&5
configure:1858: checking whether setvbuf arguments are reversed
configure:1880: gcc -o conftest -g -O2   conftest.c -lnsl  1>&5
configure: In function `main':
configure:1873: warning: passing arg 2 of `setvbuf' makes pointer from integer without a cast
configure:1873: warning: passing arg 3 of `setvbuf' makes integer from pointer without a cast
configure: failed program was:
#line 1866 "configure"
#include "confdefs.h"
#include <stdio.h>
/* If setvbuf has the reversed format, exit 0. */
main () {
  /* This call has the arguments reversed.
     A reversed system may check and see that the address of main
     is not _IOLBF, _IONBF, or _IOFBF, and return nonzero.  */
  if (setvbuf(stdout, _IOLBF, (char *) main, BUFSIZ) != 0)
    exit(1);
  putc('\r', stdout);
  exit(0);			/* Non-reversed systems segv here.  */
}
configure:1906: checking for getcwd
configure:1934: gcc -o conftest -g -O2   conftest.c -lnsl  1>&5
configure:1906: checking for gethostname
configure:1934: gcc -o conftest -g -O2   conftest.c -lnsl  1>&5
configure:1906: checking for mkdir
configure:1934: gcc -o conftest -g -O2   conftest.c -lnsl  1>&5
configure:1906: checking for select
configure:1934: gcc -o conftest -g -O2   conftest.c -lnsl  1>&5
configure:1906: checking for socket
configure:1934: gcc -o conftest -g -O2   conftest.c -lnsl  1>&5
configure:1906: checking for strdup
configure:1934: gcc -o conftest -g -O2   conftest.c -lnsl  1>&5
configure:1906: checking for strstr
configure:1934: gcc -o conftest -g -O2   conftest.c -lnsl  1>&5
